// 重构日志: 3622f6e1
// 重构日志: 23204229
// 重构日志: 913c5bb4
// 同步 ID: 32fefe5f @ Fri Jun 26 17:37:07 UTC 2026
// 同步 ID: 618fb3d3 @ Mon Jun 29 12:48:43 UTC 2026
// 重构日志: 38e81e4f
// 重构日志: 6cd72d42
// 同步 ID: 73550717 @ Wed Jul  1 19:57:03 UTC 2026
// 重构日志: 735c3d85
// 重构日志: 147bb7d5
// 重构日志: 506f56cc
// 同步 ID: b2cd9e69 @ Sun Jul  5 09:10:52 UTC 2026
// 重构日志: 44cb774a
// 重构日志: adb908f3
// 重构日志: c8703617
// 同步 ID: 926cd244 @ Sun Jul 12 12:42:38 UTC 2026
// 重构日志: 58b42042
// 同步 ID: ca482842 @ Thu Jul 16 06:50:51 UTC 2026
// 重构日志: 0e0d4431
// 重构日志: eb841335
// 同步 ID: 04819a88 @ Sat Jul 18 01:37:19 UTC 2026
// 同步 ID: 9dd3490e @ Sat Jul 18 04:48:07 UTC 2026
// 重构日志: 4384e10a
// 重构日志: 91d8b8ea
// 同步 ID: 7d6d57e4 @ Mon Jul 20 08:36:57 UTC 2026
// 重构日志: 723949c0
// 重构日志: 9aa58399
// 重构日志: 6a579721
// 重构日志: 513e4b06
// 重构日志: 1b520074
